{"C:\\Users\\Affrian\\Documents\\Hacktiv8\\Phase-3\\BE-Fokuso\\app.js": {"path":"C:\\Users\\Affrian\\Documents\\Hacktiv8\\Phase-3\\BE-Fokuso\\app.js","statementMap":{"0":{"start":{"line":1,"column":16},"end":{"line":1,"column":34}},"1":{"start":{"line":2,"column":12},"end":{"line":2,"column":21}},"2":{"start":{"line":3,"column":13},"end":{"line":3,"column":37}},"3":{"start":{"line":4,"column":13},"end":{"line":4,"column":28}},"4":{"start":{"line":5,"column":15},"end":{"line":5,"column":32}},"5":{"start":{"line":6,"column":23},"end":{"line":6,"column":51}},"6":{"start":{"line":7,"column":21},"end":{"line":7,"column":55}},"7":{"start":{"line":8,"column":23},"end":{"line":8,"column":51}},"8":{"start":{"line":9,"column":26},"end":{"line":9,"column":57}},"9":{"start":{"line":10,"column":0},"end":{"line":10,"column":16}},"10":{"start":{"line":12,"column":0},"end":{"line":12,"column":16}},"11":{"start":{"line":13,"column":0},"end":{"line":13,"column":49}},"12":{"start":{"line":14,"column":0},"end":{"line":14,"column":24}},"13":{"start":{"line":16,"column":0},"end":{"line":16,"column":41}},"14":{"start":{"line":17,"column":0},"end":{"line":17,"column":47}},"15":{"start":{"line":19,"column":0},"end":{"line":19,"column":56}},"16":{"start":{"line":20,"column":0},"end":{"line":20,"column":72}},"17":{"start":{"line":21,"column":0},"end":{"line":21,"column":66}},"18":{"start":{"line":22,"column":0},"end":{"line":22,"column":68}},"19":{"start":{"line":23,"column":0},"end":{"line":23,"column":41}},"20":{"start":{"line":24,"column":0},"end":{"line":24,"column":49}},"21":{"start":{"line":25,"column":0},"end":{"line":25,"column":64}},"22":{"start":{"line":26,"column":0},"end":{"line":26,"column":60}},"23":{"start":{"line":27,"column":0},"end":{"line":27,"column":72}},"24":{"start":{"line":28,"column":0},"end":{"line":28,"column":71}},"25":{"start":{"line":32,"column":0},"end":{"line":32,"column":22}},"26":{"start":{"line":38,"column":0},"end":{"line":38,"column":21}}},"fnMap":{},"branchMap":{"0":{"loc":{"start":{"line":3,"column":13},"end":{"line":3,"column":37}},"type":"binary-expr","locations":[{"start":{"line":3,"column":13},"end":{"line":3,"column":29}},{"start":{"line":3,"column":33},"end":{"line":3,"column":37}}],"line":3}},"s":{"0":2,"1":2,"2":2,"3":2,"4":2,"5":2,"6":2,"7":2,"8":2,"9":2,"10":2,"11":2,"12":2,"13":2,"14":2,"15":2,"16":2,"17":2,"18":2,"19":2,"20":2,"21":2,"22":2,"23":2,"24":2,"25":2,"26":2},"f":{},"b":{"0":[2,2]},"_coverageSchema":"1a1c01bbd47fc00a2c39e90264f33305004495a9","hash":"d9b0f0ddaa9bac83d4927bf48d702c3b467a5708"}
,"C:\\Users\\Affrian\\Documents\\Hacktiv8\\Phase-3\\BE-Fokuso\\config\\mongodb.js": {"path":"C:\\Users\\Affrian\\Documents\\Hacktiv8\\Phase-3\\BE-Fokuso\\config\\mongodb.js","statementMap":{"0":{"start":{"line":1,"column":0},"end":{"line":1,"column":26}},"1":{"start":{"line":2,"column":42},"end":{"line":2,"column":60}},"2":{"start":{"line":3,"column":12},"end":{"line":3,"column":33}},"3":{"start":{"line":6,"column":15},"end":{"line":12,"column":2}},"4":{"start":{"line":14,"column":11},"end":{"line":14,"column":33}},"5":{"start":{"line":15,"column":22},"end":{"line":17,"column":1}},"6":{"start":{"line":16,"column":2},"end":{"line":16,"column":39}},"7":{"start":{"line":19,"column":0},"end":{"line":19,"column":39}}},"fnMap":{"0":{"name":"(anonymous_0)","decl":{"start":{"line":15,"column":22},"end":{"line":15,"column":23}},"loc":{"start":{"line":15,"column":42},"end":{"line":17,"column":1}},"line":15}},"branchMap":{},"s":{"0":2,"1":2,"2":2,"3":2,"4":2,"5":2,"6":18,"7":2},"f":{"0":18},"b":{},"_coverageSchema":"1a1c01bbd47fc00a2c39e90264f33305004495a9","hash":"d6094d51ee7cfd409ece1f9f73d191d3496ab5d7"}
,"C:\\Users\\Affrian\\Documents\\Hacktiv8\\Phase-3\\BE-Fokuso\\controller\\session.js": {"path":"C:\\Users\\Affrian\\Documents\\Hacktiv8\\Phase-3\\BE-Fokuso\\controller\\session.js","statementMap":{"0":{"start":{"line":1,"column":21},"end":{"line":1,"column":39}},"1":{"start":{"line":2,"column":26},"end":{"line":2,"column":54}},"2":{"start":{"line":5,"column":2},"end":{"line":5,"column":32}},"3":{"start":{"line":16,"column":4},"end":{"line":49,"column":5}},"4":{"start":{"line":17,"column":26},"end":{"line":17,"column":36}},"5":{"start":{"line":18,"column":6},"end":{"line":18,"column":57}},"6":{"start":{"line":22,"column":24},"end":{"line":22,"column":38}},"7":{"start":{"line":24,"column":21},"end":{"line":24,"column":50}},"8":{"start":{"line":25,"column":21},"end":{"line":37,"column":7}},"9":{"start":{"line":38,"column":27},"end":{"line":38,"column":66}},"10":{"start":{"line":39,"column":6},"end":{"line":39,"column":69}},"11":{"start":{"line":41,"column":6},"end":{"line":45,"column":9}},"12":{"start":{"line":47,"column":6},"end":{"line":47,"column":53}},"13":{"start":{"line":48,"column":6},"end":{"line":48,"column":18}},"14":{"start":{"line":55,"column":4},"end":{"line":80,"column":5}},"15":{"start":{"line":57,"column":36},"end":{"line":57,"column":46}},"16":{"start":{"line":60,"column":19},"end":{"line":60,"column":69}},"17":{"start":{"line":63,"column":27},"end":{"line":63,"column":50}},"18":{"start":{"line":66,"column":22},"end":{"line":68,"column":8}},"19":{"start":{"line":67,"column":8},"end":{"line":67,"column":37}},"20":{"start":{"line":71,"column":6},"end":{"line":75,"column":7}},"21":{"start":{"line":72,"column":8},"end":{"line":72,"column":38}},"22":{"start":{"line":74,"column":8},"end":{"line":74,"column":28}},"23":{"start":{"line":78,"column":6},"end":{"line":78,"column":25}},"24":{"start":{"line":79,"column":6},"end":{"line":79,"column":18}},"25":{"start":{"line":86,"column":4},"end":{"line":99,"column":5}},"26":{"start":{"line":88,"column":25},"end":{"line":88,"column":35}},"27":{"start":{"line":91,"column":19},"end":{"line":91,"column":69}},"28":{"start":{"line":93,"column":23},"end":{"line":93,"column":36}},"29":{"start":{"line":95,"column":6},"end":{"line":95,"column":37}},"30":{"start":{"line":97,"column":6},"end":{"line":97,"column":25}},"31":{"start":{"line":98,"column":6},"end":{"line":98,"column":18}},"32":{"start":{"line":105,"column":4},"end":{"line":162,"column":5}},"33":{"start":{"line":107,"column":36},"end":{"line":107,"column":46}},"34":{"start":{"line":109,"column":27},"end":{"line":127,"column":10}},"35":{"start":{"line":129,"column":6},"end":{"line":133,"column":8}},"36":{"start":{"line":160,"column":6},"end":{"line":160,"column":25}},"37":{"start":{"line":161,"column":6},"end":{"line":161,"column":18}},"38":{"start":{"line":166,"column":0},"end":{"line":166,"column":35}}},"fnMap":{"0":{"name":"getDb","decl":{"start":{"line":4,"column":9},"end":{"line":4,"column":14}},"loc":{"start":{"line":4,"column":17},"end":{"line":6,"column":1}},"line":4},"1":{"name":"(anonymous_1)","decl":{"start":{"line":15,"column":2},"end":{"line":15,"column":3}},"loc":{"start":{"line":15,"column":38},"end":{"line":50,"column":3}},"line":15},"2":{"name":"(anonymous_2)","decl":{"start":{"line":54,"column":2},"end":{"line":54,"column":3}},"loc":{"start":{"line":54,"column":39},"end":{"line":81,"column":3}},"line":54},"3":{"name":"(anonymous_3)","decl":{"start":{"line":66,"column":41},"end":{"line":66,"column":42}},"loc":{"start":{"line":66,"column":47},"end":{"line":68,"column":7}},"line":66},"4":{"name":"(anonymous_4)","decl":{"start":{"line":85,"column":2},"end":{"line":85,"column":3}},"loc":{"start":{"line":85,"column":43},"end":{"line":100,"column":3}},"line":85},"5":{"name":"(anonymous_5)","decl":{"start":{"line":104,"column":2},"end":{"line":104,"column":3}},"loc":{"start":{"line":104,"column":38},"end":{"line":163,"column":3}},"line":104}},"branchMap":{"0":{"loc":{"start":{"line":71,"column":6},"end":{"line":75,"column":7}},"type":"if","locations":[{"start":{"line":71,"column":6},"end":{"line":75,"column":7}},{"start":{"line":73,"column":13},"end":{"line":75,"column":7}}],"line":71}},"s":{"0":2,"1":2,"2":0,"3":0,"4":0,"5":0,"6":0,"7":0,"8":0,"9":0,"10":0,"11":0,"12":0,"13":0,"14":0,"15":0,"16":0,"17":0,"18":0,"19":0,"20":0,"21":0,"22":0,"23":0,"24":0,"25":0,"26":0,"27":0,"28":0,"29":0,"30":0,"31":0,"32":0,"33":0,"34":0,"35":0,"36":0,"37":0,"38":2},"f":{"0":0,"1":0,"2":0,"3":0,"4":0,"5":0},"b":{"0":[0,0]},"_coverageSchema":"1a1c01bbd47fc00a2c39e90264f33305004495a9","hash":"278aec0b11395408d5e5509f64b38679c7491548"}
,"C:\\Users\\Affrian\\Documents\\Hacktiv8\\Phase-3\\BE-Fokuso\\controller\\taks.js": {"path":"C:\\Users\\Affrian\\Documents\\Hacktiv8\\Phase-3\\BE-Fokuso\\controller\\taks.js","statementMap":{"0":{"start":{"line":1,"column":21},"end":{"line":1,"column":39}},"1":{"start":{"line":2,"column":26},"end":{"line":2,"column":54}},"2":{"start":{"line":3,"column":24},"end":{"line":3,"column":49}},"3":{"start":{"line":4,"column":13},"end":{"line":4,"column":38}},"4":{"start":{"line":6,"column":2},"end":{"line":6,"column":32}},"5":{"start":{"line":15,"column":4},"end":{"line":52,"column":5}},"6":{"start":{"line":16,"column":6},"end":{"line":16,"column":44}},"7":{"start":{"line":18,"column":56},"end":{"line":18,"column":64}},"8":{"start":{"line":21,"column":32},"end":{"line":21,"column":43}},"9":{"start":{"line":22,"column":6},"end":{"line":22,"column":54}},"10":{"start":{"line":23,"column":21},"end":{"line":23,"column":62}},"11":{"start":{"line":24,"column":6},"end":{"line":24,"column":40}},"12":{"start":{"line":26,"column":6},"end":{"line":28,"column":7}},"13":{"start":{"line":27,"column":8},"end":{"line":27,"column":53}},"14":{"start":{"line":31,"column":6},"end":{"line":33,"column":7}},"15":{"start":{"line":32,"column":8},"end":{"line":32,"column":54}},"16":{"start":{"line":35,"column":22},"end":{"line":42,"column":7}},"17":{"start":{"line":44,"column":21},"end":{"line":44,"column":68}},"18":{"start":{"line":46,"column":6},"end":{"line":48,"column":9}},"19":{"start":{"line":50,"column":6},"end":{"line":50,"column":50}},"20":{"start":{"line":51,"column":6},"end":{"line":51,"column":18}},"21":{"start":{"line":56,"column":4},"end":{"line":72,"column":5}},"22":{"start":{"line":57,"column":25},"end":{"line":57,"column":35}},"23":{"start":{"line":62,"column":19},"end":{"line":64,"column":8}},"24":{"start":{"line":66,"column":6},"end":{"line":66,"column":37}},"25":{"start":{"line":66,"column":17},"end":{"line":66,"column":37}},"26":{"start":{"line":68,"column":6},"end":{"line":68,"column":33}},"27":{"start":{"line":70,"column":6},"end":{"line":70,"column":51}},"28":{"start":{"line":71,"column":6},"end":{"line":71,"column":18}},"29":{"start":{"line":76,"column":4},"end":{"line":88,"column":5}},"30":{"start":{"line":77,"column":25},"end":{"line":77,"column":35}},"31":{"start":{"line":79,"column":20},"end":{"line":81,"column":18}},"32":{"start":{"line":83,"column":6},"end":{"line":83,"column":50}},"33":{"start":{"line":83,"column":30},"end":{"line":83,"column":50}},"34":{"start":{"line":84,"column":6},"end":{"line":84,"column":34}},"35":{"start":{"line":86,"column":6},"end":{"line":86,"column":53}},"36":{"start":{"line":87,"column":6},"end":{"line":87,"column":18}},"37":{"start":{"line":162,"column":4},"end":{"line":192,"column":5}},"38":{"start":{"line":163,"column":23},"end":{"line":163,"column":31}},"39":{"start":{"line":164,"column":25},"end":{"line":164,"column":35}},"40":{"start":{"line":165,"column":6},"end":{"line":165,"column":63}},"41":{"start":{"line":166,"column":6},"end":{"line":166,"column":69}},"42":{"start":{"line":166,"column":17},"end":{"line":166,"column":69}},"43":{"start":{"line":168,"column":22},"end":{"line":168,"column":40}},"44":{"start":{"line":169,"column":6},"end":{"line":169,"column":42}},"45":{"start":{"line":171,"column":20},"end":{"line":171,"column":37}},"46":{"start":{"line":172,"column":6},"end":{"line":172,"column":33}},"47":{"start":{"line":173,"column":6},"end":{"line":173,"column":38}},"48":{"start":{"line":175,"column":18},"end":{"line":175,"column":35}},"49":{"start":{"line":176,"column":6},"end":{"line":176,"column":36}},"50":{"start":{"line":177,"column":6},"end":{"line":177,"column":34}},"51":{"start":{"line":179,"column":20},"end":{"line":186,"column":18}},"52":{"start":{"line":188,"column":6},"end":{"line":188,"column":34}},"53":{"start":{"line":190,"column":6},"end":{"line":190,"column":56}},"54":{"start":{"line":191,"column":6},"end":{"line":191,"column":18}},"55":{"start":{"line":198,"column":4},"end":{"line":222,"column":5}},"56":{"start":{"line":199,"column":25},"end":{"line":199,"column":35}},"57":{"start":{"line":201,"column":20},"end":{"line":201,"column":30}},"58":{"start":{"line":202,"column":6},"end":{"line":202,"column":33}},"59":{"start":{"line":203,"column":18},"end":{"line":203,"column":28}},"60":{"start":{"line":204,"column":6},"end":{"line":204,"column":36}},"61":{"start":{"line":206,"column":20},"end":{"line":214,"column":18}},"62":{"start":{"line":216,"column":6},"end":{"line":216,"column":50}},"63":{"start":{"line":216,"column":30},"end":{"line":216,"column":50}},"64":{"start":{"line":218,"column":6},"end":{"line":218,"column":34}},"65":{"start":{"line":220,"column":6},"end":{"line":220,"column":57}},"66":{"start":{"line":221,"column":6},"end":{"line":221,"column":18}},"67":{"start":{"line":253,"column":4},"end":{"line":271,"column":5}},"68":{"start":{"line":254,"column":25},"end":{"line":254,"column":35}},"69":{"start":{"line":255,"column":20},"end":{"line":262,"column":18}},"70":{"start":{"line":263,"column":6},"end":{"line":263,"column":50}},"71":{"start":{"line":263,"column":30},"end":{"line":263,"column":50}},"72":{"start":{"line":265,"column":23},"end":{"line":265,"column":40}},"73":{"start":{"line":267,"column":6},"end":{"line":267,"column":37}},"74":{"start":{"line":269,"column":6},"end":{"line":269,"column":68}},"75":{"start":{"line":270,"column":6},"end":{"line":270,"column":18}},"76":{"start":{"line":275,"column":0},"end":{"line":275,"column":32}}},"fnMap":{"0":{"name":"getDb","decl":{"start":{"line":5,"column":9},"end":{"line":5,"column":14}},"loc":{"start":{"line":5,"column":17},"end":{"line":7,"column":1}},"line":5},"1":{"name":"(anonymous_1)","decl":{"start":{"line":14,"column":2},"end":{"line":14,"column":3}},"loc":{"start":{"line":14,"column":38},"end":{"line":53,"column":3}},"line":14},"2":{"name":"(anonymous_2)","decl":{"start":{"line":55,"column":2},"end":{"line":55,"column":3}},"loc":{"start":{"line":55,"column":39},"end":{"line":73,"column":3}},"line":55},"3":{"name":"(anonymous_3)","decl":{"start":{"line":75,"column":2},"end":{"line":75,"column":3}},"loc":{"start":{"line":75,"column":41},"end":{"line":89,"column":3}},"line":75},"4":{"name":"(anonymous_4)","decl":{"start":{"line":161,"column":2},"end":{"line":161,"column":3}},"loc":{"start":{"line":161,"column":44},"end":{"line":193,"column":3}},"line":161},"5":{"name":"(anonymous_5)","decl":{"start":{"line":197,"column":2},"end":{"line":197,"column":3}},"loc":{"start":{"line":197,"column":45},"end":{"line":223,"column":3}},"line":197},"6":{"name":"(anonymous_6)","decl":{"start":{"line":252,"column":2},"end":{"line":252,"column":3}},"loc":{"start":{"line":252,"column":46},"end":{"line":272,"column":3}},"line":252}},"branchMap":{"0":{"loc":{"start":{"line":26,"column":6},"end":{"line":28,"column":7}},"type":"if","locations":[{"start":{"line":26,"column":6},"end":{"line":28,"column":7}},{"start":{},"end":{}}],"line":26},"1":{"loc":{"start":{"line":31,"column":6},"end":{"line":33,"column":7}},"type":"if","locations":[{"start":{"line":31,"column":6},"end":{"line":33,"column":7}},{"start":{},"end":{}}],"line":31},"2":{"loc":{"start":{"line":66,"column":6},"end":{"line":66,"column":37}},"type":"if","locations":[{"start":{"line":66,"column":6},"end":{"line":66,"column":37}},{"start":{},"end":{}}],"line":66},"3":{"loc":{"start":{"line":83,"column":6},"end":{"line":83,"column":50}},"type":"if","locations":[{"start":{"line":83,"column":6},"end":{"line":83,"column":50}},{"start":{},"end":{}}],"line":83},"4":{"loc":{"start":{"line":166,"column":6},"end":{"line":166,"column":69}},"type":"if","locations":[{"start":{"line":166,"column":6},"end":{"line":166,"column":69}},{"start":{},"end":{}}],"line":166},"5":{"loc":{"start":{"line":216,"column":6},"end":{"line":216,"column":50}},"type":"if","locations":[{"start":{"line":216,"column":6},"end":{"line":216,"column":50}},{"start":{},"end":{}}],"line":216},"6":{"loc":{"start":{"line":263,"column":6},"end":{"line":263,"column":50}},"type":"if","locations":[{"start":{"line":263,"column":6},"end":{"line":263,"column":50}},{"start":{},"end":{}}],"line":263}},"s":{"0":2,"1":2,"2":2,"3":2,"4":5,"5":4,"6":4,"7":4,"8":4,"9":4,"10":4,"11":1,"12":1,"13":0,"14":1,"15":0,"16":1,"17":1,"18":1,"19":3,"20":3,"21":2,"22":2,"23":2,"24":2,"25":1,"26":1,"27":1,"28":1,"29":2,"30":2,"31":2,"32":2,"33":1,"34":1,"35":1,"36":1,"37":2,"38":2,"39":2,"40":2,"41":2,"42":1,"43":1,"44":1,"45":1,"46":1,"47":1,"48":1,"49":1,"50":1,"51":1,"52":1,"53":1,"54":1,"55":2,"56":2,"57":2,"58":2,"59":2,"60":2,"61":2,"62":2,"63":1,"64":1,"65":1,"66":1,"67":2,"68":2,"69":2,"70":2,"71":1,"72":1,"73":1,"74":1,"75":1,"76":2},"f":{"0":5,"1":4,"2":2,"3":2,"4":2,"5":2,"6":2},"b":{"0":[0,1],"1":[0,1],"2":[1,1],"3":[1,1],"4":[1,1],"5":[1,1],"6":[1,1]},"_coverageSchema":"1a1c01bbd47fc00a2c39e90264f33305004495a9","hash":"32d2ea76c31509853aef26866c16d21901f26f62"}
,"C:\\Users\\Affrian\\Documents\\Hacktiv8\\Phase-3\\BE-Fokuso\\controller\\user.js": {"path":"C:\\Users\\Affrian\\Documents\\Hacktiv8\\Phase-3\\BE-Fokuso\\controller\\user.js","statementMap":{"0":{"start":{"line":1,"column":26},"end":{"line":1,"column":54}},"1":{"start":{"line":2,"column":34},"end":{"line":2,"column":62}},"2":{"start":{"line":3,"column":24},"end":{"line":3,"column":49}},"3":{"start":{"line":4,"column":21},"end":{"line":4,"column":39}},"4":{"start":{"line":22,"column":2},"end":{"line":22,"column":32}},"5":{"start":{"line":54,"column":4},"end":{"line":74,"column":5}},"6":{"start":{"line":55,"column":40},"end":{"line":55,"column":48}},"7":{"start":{"line":56,"column":6},"end":{"line":58,"column":7}},"8":{"start":{"line":57,"column":8},"end":{"line":57,"column":54}},"9":{"start":{"line":60,"column":29},"end":{"line":60,"column":47}},"10":{"start":{"line":61,"column":19},"end":{"line":65,"column":8}},"11":{"start":{"line":66,"column":6},"end":{"line":70,"column":9}},"12":{"start":{"line":72,"column":6},"end":{"line":72,"column":25}},"13":{"start":{"line":73,"column":6},"end":{"line":73,"column":18}},"14":{"start":{"line":78,"column":4},"end":{"line":106,"column":5}},"15":{"start":{"line":79,"column":34},"end":{"line":79,"column":42}},"16":{"start":{"line":80,"column":6},"end":{"line":82,"column":7}},"17":{"start":{"line":81,"column":8},"end":{"line":81,"column":54}},"18":{"start":{"line":84,"column":19},"end":{"line":84,"column":51}},"19":{"start":{"line":85,"column":6},"end":{"line":87,"column":7}},"20":{"start":{"line":86,"column":8},"end":{"line":86,"column":63}},"21":{"start":{"line":89,"column":24},"end":{"line":89,"column":60}},"22":{"start":{"line":90,"column":6},"end":{"line":92,"column":7}},"23":{"start":{"line":91,"column":8},"end":{"line":91,"column":63}},"24":{"start":{"line":94,"column":27},"end":{"line":97,"column":8}},"25":{"start":{"line":99,"column":6},"end":{"line":102,"column":9}},"26":{"start":{"line":104,"column":6},"end":{"line":104,"column":25}},"27":{"start":{"line":105,"column":6},"end":{"line":105,"column":18}},"28":{"start":{"line":110,"column":0},"end":{"line":110,"column":32}}},"fnMap":{"0":{"name":"getDb","decl":{"start":{"line":21,"column":9},"end":{"line":21,"column":14}},"loc":{"start":{"line":21,"column":17},"end":{"line":23,"column":1}},"line":21},"1":{"name":"(anonymous_1)","decl":{"start":{"line":53,"column":2},"end":{"line":53,"column":3}},"loc":{"start":{"line":53,"column":40},"end":{"line":75,"column":3}},"line":53},"2":{"name":"(anonymous_2)","decl":{"start":{"line":77,"column":2},"end":{"line":77,"column":3}},"loc":{"start":{"line":77,"column":37},"end":{"line":107,"column":3}},"line":77}},"branchMap":{"0":{"loc":{"start":{"line":56,"column":6},"end":{"line":58,"column":7}},"type":"if","locations":[{"start":{"line":56,"column":6},"end":{"line":58,"column":7}},{"start":{},"end":{}}],"line":56},"1":{"loc":{"start":{"line":56,"column":10},"end":{"line":56,"column":38}},"type":"binary-expr","locations":[{"start":{"line":56,"column":10},"end":{"line":56,"column":15}},{"start":{"line":56,"column":19},"end":{"line":56,"column":25}},{"start":{"line":56,"column":29},"end":{"line":56,"column":38}}],"line":56},"2":{"loc":{"start":{"line":80,"column":6},"end":{"line":82,"column":7}},"type":"if","locations":[{"start":{"line":80,"column":6},"end":{"line":82,"column":7}},{"start":{},"end":{}}],"line":80},"3":{"loc":{"start":{"line":80,"column":10},"end":{"line":80,"column":29}},"type":"binary-expr","locations":[{"start":{"line":80,"column":10},"end":{"line":80,"column":16}},{"start":{"line":80,"column":20},"end":{"line":80,"column":29}}],"line":80},"4":{"loc":{"start":{"line":85,"column":6},"end":{"line":87,"column":7}},"type":"if","locations":[{"start":{"line":85,"column":6},"end":{"line":87,"column":7}},{"start":{},"end":{}}],"line":85},"5":{"loc":{"start":{"line":90,"column":6},"end":{"line":92,"column":7}},"type":"if","locations":[{"start":{"line":90,"column":6},"end":{"line":92,"column":7}},{"start":{},"end":{}}],"line":90}},"s":{"0":2,"1":2,"2":2,"3":2,"4":2,"5":2,"6":2,"7":2,"8":1,"9":1,"10":1,"11":1,"12":1,"13":1,"14":2,"15":2,"16":2,"17":0,"18":2,"19":2,"20":0,"21":2,"22":2,"23":1,"24":1,"25":1,"26":1,"27":1,"28":2},"f":{"0":2,"1":2,"2":2},"b":{"0":[1,1],"1":[2,1,1],"2":[0,2],"3":[2,2],"4":[0,2],"5":[1,1]},"_coverageSchema":"1a1c01bbd47fc00a2c39e90264f33305004495a9","hash":"1cfa09a02c6628bce6ad3b2f94a30cd2978ec13f"}
,"C:\\Users\\Affrian\\Documents\\Hacktiv8\\Phase-3\\BE-Fokuso\\helpers\\bcrypt.js": {"path":"C:\\Users\\Affrian\\Documents\\Hacktiv8\\Phase-3\\BE-Fokuso\\helpers\\bcrypt.js","statementMap":{"0":{"start":{"line":1,"column":15},"end":{"line":1,"column":34}},"1":{"start":{"line":3,"column":17},"end":{"line":3,"column":60}},"2":{"start":{"line":3,"column":31},"end":{"line":3,"column":60}},"3":{"start":{"line":4,"column":20},"end":{"line":5,"column":46}},"4":{"start":{"line":5,"column":2},"end":{"line":5,"column":46}},"5":{"start":{"line":7,"column":0},"end":{"line":7,"column":43}}},"fnMap":{"0":{"name":"(anonymous_0)","decl":{"start":{"line":3,"column":17},"end":{"line":3,"column":18}},"loc":{"start":{"line":3,"column":31},"end":{"line":3,"column":60}},"line":3},"1":{"name":"(anonymous_1)","decl":{"start":{"line":4,"column":20},"end":{"line":4,"column":21}},"loc":{"start":{"line":5,"column":2},"end":{"line":5,"column":46}},"line":5}},"branchMap":{},"s":{"0":2,"1":2,"2":3,"3":2,"4":2,"5":2},"f":{"0":3,"1":2},"b":{},"_coverageSchema":"1a1c01bbd47fc00a2c39e90264f33305004495a9","hash":"4b91f006b140cf3b62e32dd68342d694d96782d2"}
,"C:\\Users\\Affrian\\Documents\\Hacktiv8\\Phase-3\\BE-Fokuso\\helpers\\error-handler.js": {"path":"C:\\Users\\Affrian\\Documents\\Hacktiv8\\Phase-3\\BE-Fokuso\\helpers\\error-handler.js","statementMap":{"0":{"start":{"line":1,"column":21},"end":{"line":34,"column":1}},"1":{"start":{"line":2,"column":2},"end":{"line":2,"column":36}},"2":{"start":{"line":3,"column":18},"end":{"line":3,"column":33}},"3":{"start":{"line":4,"column":21},"end":{"line":4,"column":59}},"4":{"start":{"line":6,"column":2},"end":{"line":15,"column":3}},"5":{"start":{"line":8,"column":6},"end":{"line":8,"column":22}},"6":{"start":{"line":9,"column":6},"end":{"line":9,"column":36}},"7":{"start":{"line":10,"column":6},"end":{"line":10,"column":12}},"8":{"start":{"line":17,"column":2},"end":{"line":28,"column":3}},"9":{"start":{"line":19,"column":6},"end":{"line":19,"column":12}},"10":{"start":{"line":21,"column":6},"end":{"line":21,"column":12}},"11":{"start":{"line":26,"column":6},"end":{"line":26,"column":33}},"12":{"start":{"line":27,"column":6},"end":{"line":27,"column":12}},"13":{"start":{"line":29,"column":2},"end":{"line":33,"column":5}},"14":{"start":{"line":36,"column":0},"end":{"line":36,"column":30}}},"fnMap":{"0":{"name":"(anonymous_0)","decl":{"start":{"line":1,"column":21},"end":{"line":1,"column":22}},"loc":{"start":{"line":1,"column":46},"end":{"line":34,"column":1}},"line":1}},"branchMap":{"0":{"loc":{"start":{"line":3,"column":18},"end":{"line":3,"column":33}},"type":"binary-expr","locations":[{"start":{"line":3,"column":18},"end":{"line":3,"column":26}},{"start":{"line":3,"column":30},"end":{"line":3,"column":33}}],"line":3},"1":{"loc":{"start":{"line":4,"column":21},"end":{"line":4,"column":59}},"type":"binary-expr","locations":[{"start":{"line":4,"column":21},"end":{"line":4,"column":32}},{"start":{"line":4,"column":36},"end":{"line":4,"column":59}}],"line":4},"2":{"loc":{"start":{"line":6,"column":2},"end":{"line":15,"column":3}},"type":"switch","locations":[{"start":{"line":7,"column":4},"end":{"line":10,"column":12}}],"line":6},"3":{"loc":{"start":{"line":17,"column":2},"end":{"line":28,"column":3}},"type":"switch","locations":[{"start":{"line":18,"column":4},"end":{"line":19,"column":12}},{"start":{"line":20,"column":4},"end":{"line":21,"column":12}},{"start":{"line":25,"column":4},"end":{"line":27,"column":12}}],"line":17}},"s":{"0":2,"1":10,"2":10,"3":10,"4":10,"5":3,"6":3,"7":3,"8":10,"9":2,"10":4,"11":4,"12":4,"13":10,"14":2},"f":{"0":10},"b":{"0":[10,3],"1":[10,4],"2":[3],"3":[2,4,4]},"_coverageSchema":"1a1c01bbd47fc00a2c39e90264f33305004495a9","hash":"f2b6fc5d70e50957901d5ac4312750602f77c5c5"}
,"C:\\Users\\Affrian\\Documents\\Hacktiv8\\Phase-3\\BE-Fokuso\\helpers\\jwt.js": {"path":"C:\\Users\\Affrian\\Documents\\Hacktiv8\\Phase-3\\BE-Fokuso\\helpers\\jwt.js","statementMap":{"0":{"start":{"line":1,"column":12},"end":{"line":1,"column":35}},"1":{"start":{"line":2,"column":15},"end":{"line":2,"column":37}},"2":{"start":{"line":4,"column":20},"end":{"line":4,"column":58}},"3":{"start":{"line":4,"column":33},"end":{"line":4,"column":58}},"4":{"start":{"line":5,"column":20},"end":{"line":5,"column":56}},"5":{"start":{"line":5,"column":31},"end":{"line":5,"column":56}},"6":{"start":{"line":7,"column":0},"end":{"line":7,"column":46}}},"fnMap":{"0":{"name":"(anonymous_0)","decl":{"start":{"line":4,"column":20},"end":{"line":4,"column":21}},"loc":{"start":{"line":4,"column":33},"end":{"line":4,"column":58}},"line":4},"1":{"name":"(anonymous_1)","decl":{"start":{"line":5,"column":20},"end":{"line":5,"column":21}},"loc":{"start":{"line":5,"column":31},"end":{"line":5,"column":56}},"line":5}},"branchMap":{},"s":{"0":2,"1":2,"2":2,"3":2,"4":2,"5":4,"6":2},"f":{"0":2,"1":4},"b":{},"_coverageSchema":"1a1c01bbd47fc00a2c39e90264f33305004495a9","hash":"c22b48fefa1a55a01a8920c6c8672e1a7ad31504"}
,"C:\\Users\\Affrian\\Documents\\Hacktiv8\\Phase-3\\BE-Fokuso\\models\\Task.js": {"path":"C:\\Users\\Affrian\\Documents\\Hacktiv8\\Phase-3\\BE-Fokuso\\models\\Task.js","statementMap":{"0":{"start":{"line":1,"column":21},"end":{"line":1,"column":39}},"1":{"start":{"line":31,"column":14},"end":{"line":31,"column":16}},"2":{"start":{"line":32,"column":4},"end":{"line":37,"column":7}},"3":{"start":{"line":33,"column":6},"end":{"line":36,"column":9}},"4":{"start":{"line":38,"column":4},"end":{"line":38,"column":19}},"5":{"start":{"line":40,"column":4},"end":{"line":49,"column":6}},"6":{"start":{"line":65,"column":0},"end":{"line":65,"column":22}}},"fnMap":{"0":{"name":"(anonymous_0)","decl":{"start":{"line":22,"column":2},"end":{"line":22,"column":3}},"loc":{"start":{"line":30,"column":4},"end":{"line":50,"column":3}},"line":30},"1":{"name":"(anonymous_1)","decl":{"start":{"line":32,"column":21},"end":{"line":32,"column":22}},"loc":{"start":{"line":32,"column":29},"end":{"line":37,"column":5}},"line":32}},"branchMap":{"0":{"loc":{"start":{"line":25,"column":4},"end":{"line":25,"column":17}},"type":"default-arg","locations":[{"start":{"line":25,"column":15},"end":{"line":25,"column":17}}],"line":25},"1":{"loc":{"start":{"line":26,"column":4},"end":{"line":26,"column":17}},"type":"default-arg","locations":[{"start":{"line":26,"column":15},"end":{"line":26,"column":17}}],"line":26},"2":{"loc":{"start":{"line":29,"column":4},"end":{"line":29,"column":18}},"type":"default-arg","locations":[{"start":{"line":29,"column":13},"end":{"line":29,"column":18}}],"line":29}},"s":{"0":2,"1":1,"2":1,"3":0,"4":1,"5":1,"6":2},"f":{"0":1,"1":0},"b":{"0":[1],"1":[1],"2":[1]},"_coverageSchema":"1a1c01bbd47fc00a2c39e90264f33305004495a9","hash":"ce695c28eb45e64e1e297c3e34c6921f162aed21"}
}
