TN:
SF:app.js
FNF:0
FNH:0
DA:1,2
DA:2,2
DA:3,2
DA:4,2
DA:5,2
DA:6,2
DA:7,2
DA:8,2
DA:9,2
DA:10,2
DA:12,2
DA:13,2
DA:14,2
DA:16,2
DA:17,2
DA:19,2
DA:20,2
DA:21,2
DA:22,2
DA:23,2
DA:24,2
DA:25,2
DA:26,2
DA:27,2
DA:28,2
DA:32,2
DA:38,2
LF:27
LH:27
BRDA:3,0,0,2
BRDA:3,0,1,2
BRF:2
BRH:2
end_of_record
TN:
SF:config\mongodb.js
FN:15,(anonymous_0)
FNF:1
FNH:1
FNDA:9,(anonymous_0)
DA:1,2
DA:2,2
DA:3,2
DA:6,2
DA:14,2
DA:15,2
DA:16,9
DA:19,2
LF:8
LH:8
BRF:0
BRH:0
end_of_record
TN:
SF:controller\session.js
FN:4,getDb
FN:15,(anonymous_1)
FN:54,(anonymous_2)
FN:66,(anonymous_3)
FN:85,(anonymous_4)
FN:104,(anonymous_5)
FNF:6
FNH:0
FNDA:0,getDb
FNDA:0,(anonymous_1)
FNDA:0,(anonymous_2)
FNDA:0,(anonymous_3)
FNDA:0,(anonymous_4)
FNDA:0,(anonymous_5)
DA:1,2
DA:2,2
DA:5,0
DA:16,0
DA:17,0
DA:18,0
DA:22,0
DA:24,0
DA:25,0
DA:38,0
DA:39,0
DA:41,0
DA:47,0
DA:48,0
DA:55,0
DA:57,0
DA:60,0
DA:63,0
DA:66,0
DA:67,0
DA:71,0
DA:72,0
DA:74,0
DA:78,0
DA:79,0
DA:86,0
DA:88,0
DA:91,0
DA:93,0
DA:95,0
DA:97,0
DA:98,0
DA:105,0
DA:107,0
DA:109,0
DA:129,0
DA:160,0
DA:161,0
DA:166,2
LF:39
LH:3
BRDA:71,0,0,0
BRDA:71,0,1,0
BRF:2
BRH:0
end_of_record
TN:
SF:controller\taks.js
FN:5,getDb
FN:14,(anonymous_1)
FN:55,(anonymous_2)
FN:73,(anonymous_3)
FN:91,(anonymous_4)
FN:104,(anonymous_5)
FN:132,(anonymous_6)
FN:160,(anonymous_7)
FN:197,(anonymous_8)
FN:222,(anonymous_9)
FN:249,(anonymous_10)
FNF:11
FNH:1
FNDA:0,getDb
FNDA:3,(anonymous_1)
FNDA:0,(anonymous_2)
FNDA:0,(anonymous_3)
FNDA:0,(anonymous_4)
FNDA:0,(anonymous_5)
FNDA:0,(anonymous_6)
FNDA:0,(anonymous_7)
FNDA:0,(anonymous_8)
FNDA:0,(anonymous_9)
FNDA:0,(anonymous_10)
DA:1,2
DA:2,2
DA:3,2
DA:4,2
DA:6,0
DA:15,3
DA:16,3
DA:18,3
DA:21,3
DA:22,3
DA:23,3
DA:24,1
DA:26,1
DA:27,0
DA:31,1
DA:32,0
DA:35,1
DA:44,1
DA:46,1
DA:50,2
DA:51,2
DA:56,0
DA:57,0
DA:58,0
DA:59,0
DA:62,0
DA:66,0
DA:68,0
DA:69,0
DA:74,0
DA:75,0
DA:76,0
DA:77,0
DA:80,0
DA:84,0
DA:86,0
DA:87,0
DA:92,0
DA:93,0
DA:94,0
DA:98,0
DA:100,0
DA:105,0
DA:107,0
DA:109,0
DA:110,0
DA:113,0
DA:114,0
DA:124,0
DA:125,0
DA:127,0
DA:128,0
DA:133,0
DA:135,0
DA:137,0
DA:139,0
DA:142,0
DA:143,0
DA:151,0
DA:153,0
DA:155,0
DA:161,0
DA:162,0
DA:163,0
DA:164,0
DA:165,0
DA:166,0
DA:168,0
DA:169,0
DA:171,0
DA:172,0
DA:173,0
DA:175,0
DA:176,0
DA:177,0
DA:179,0
DA:188,0
DA:190,0
DA:191,0
DA:198,0
DA:199,0
DA:201,0
DA:202,0
DA:203,0
DA:204,0
DA:206,0
DA:216,0
DA:218,0
DA:223,0
DA:224,0
DA:225,0
DA:226,0
DA:227,0
DA:229,0
DA:230,0
DA:231,0
DA:232,0
DA:243,0
DA:245,0
DA:250,0
DA:251,0
DA:252,0
DA:262,0
DA:264,0
DA:266,0
DA:271,2
LF:106
LH:19
BRDA:26,0,0,0
BRDA:26,0,1,1
BRDA:31,1,0,0
BRDA:31,1,1,1
BRDA:58,2,0,0
BRDA:58,2,1,0
BRDA:76,3,0,0
BRDA:76,3,1,0
BRDA:109,4,0,0
BRDA:109,4,1,0
BRDA:109,5,0,0
BRDA:109,5,1,0
BRDA:137,6,0,0
BRDA:137,6,1,0
BRDA:137,7,0,0
BRDA:137,7,1,0
BRDA:165,8,0,0
BRDA:165,8,1,0
BRDA:166,9,0,0
BRDA:166,9,1,0
BRF:20
BRH:2
end_of_record
TN:
SF:controller\user.js
FN:21,getDb
FN:53,(anonymous_1)
FN:77,(anonymous_2)
FNF:3
FNH:3
FNDA:2,getDb
FNDA:2,(anonymous_1)
FNDA:2,(anonymous_2)
DA:1,2
DA:2,2
DA:3,2
DA:4,2
DA:22,2
DA:54,2
DA:55,2
DA:56,2
DA:57,1
DA:60,1
DA:61,1
DA:66,1
DA:72,1
DA:73,1
DA:78,2
DA:79,2
DA:80,2
DA:81,0
DA:84,2
DA:85,2
DA:86,0
DA:89,2
DA:90,2
DA:91,1
DA:94,1
DA:99,1
DA:104,1
DA:105,1
DA:110,2
LF:29
LH:27
BRDA:56,0,0,1
BRDA:56,0,1,1
BRDA:56,1,0,2
BRDA:56,1,1,1
BRDA:56,1,2,1
BRDA:80,2,0,0
BRDA:80,2,1,2
BRDA:80,3,0,2
BRDA:80,3,1,2
BRDA:85,4,0,0
BRDA:85,4,1,2
BRDA:90,5,0,1
BRDA:90,5,1,1
BRF:13
BRH:11
end_of_record
TN:
SF:helpers\bcrypt.js
FN:3,(anonymous_0)
FN:4,(anonymous_1)
FNF:2
FNH:2
FNDA:3,(anonymous_0)
FNDA:2,(anonymous_1)
DA:1,2
DA:3,3
DA:4,2
DA:5,2
DA:7,2
LF:5
LH:5
BRF:0
BRH:0
end_of_record
TN:
SF:helpers\error-handler.js
FN:1,(anonymous_0)
FN:13,(anonymous_1)
FNF:2
FNH:1
FNDA:4,(anonymous_0)
FNDA:0,(anonymous_1)
DA:1,2
DA:2,4
DA:3,4
DA:4,4
DA:6,4
DA:8,2
DA:9,2
DA:10,2
DA:12,0
DA:13,0
DA:14,0
DA:17,4
DA:19,1
DA:21,3
DA:23,0
DA:24,0
DA:26,0
DA:27,0
DA:29,0
DA:31,4
DA:38,2
LF:21
LH:13
BRDA:3,0,0,4
BRDA:3,0,1,2
BRDA:4,1,0,4
BRDA:4,1,1,0
BRDA:6,2,0,2
BRDA:6,2,1,0
BRDA:17,3,0,1
BRDA:17,3,1,3
BRDA:17,3,2,0
BRDA:17,3,3,0
BRDA:17,3,4,0
BRF:11
BRH:6
end_of_record
TN:
SF:helpers\jwt.js
FN:4,(anonymous_0)
FN:5,(anonymous_1)
FNF:2
FNH:2
FNDA:2,(anonymous_0)
FNDA:3,(anonymous_1)
DA:1,2
DA:2,2
DA:4,2
DA:5,3
DA:7,2
LF:5
LH:5
BRF:0
BRH:0
end_of_record
TN:
SF:models\Task.js
FN:22,(anonymous_0)
FN:32,(anonymous_1)
FNF:2
FNH:1
FNDA:1,(anonymous_0)
FNDA:0,(anonymous_1)
DA:1,2
DA:31,1
DA:32,1
DA:33,0
DA:38,1
DA:40,1
DA:65,2
LF:7
LH:6
BRDA:25,0,0,1
BRDA:26,1,0,1
BRDA:29,2,0,1
BRF:3
BRH:3
end_of_record
