TN:
SF:app.js
FNF:0
FNH:0
DA:1,2
DA:2,2
DA:3,2
DA:4,2
DA:5,2
DA:6,2
DA:7,2
DA:8,2
DA:9,2
DA:10,2
DA:12,2
DA:13,2
DA:14,2
DA:16,2
DA:17,2
DA:19,2
DA:20,2
DA:21,2
DA:22,2
DA:23,2
DA:24,2
DA:25,2
DA:26,2
DA:27,2
DA:28,2
DA:32,2
DA:38,2
LF:27
LH:27
BRDA:3,0,0,2
BRDA:3,0,1,2
BRF:2
BRH:2
end_of_record
TN:
SF:config\mongodb.js
FN:15,(anonymous_0)
FNF:1
FNH:1
FNDA:18,(anonymous_0)
DA:1,2
DA:2,2
DA:3,2
DA:6,2
DA:14,2
DA:15,2
DA:16,18
DA:19,2
LF:8
LH:8
BRF:0
BRH:0
end_of_record
TN:
SF:controller\session.js
FN:4,getDb
FN:15,(anonymous_1)
FN:54,(anonymous_2)
FN:66,(anonymous_3)
FN:85,(anonymous_4)
FN:104,(anonymous_5)
FNF:6
FNH:0
FNDA:0,getDb
FNDA:0,(anonymous_1)
FNDA:0,(anonymous_2)
FNDA:0,(anonymous_3)
FNDA:0,(anonymous_4)
FNDA:0,(anonymous_5)
DA:1,2
DA:2,2
DA:5,0
DA:16,0
DA:17,0
DA:18,0
DA:22,0
DA:24,0
DA:25,0
DA:38,0
DA:39,0
DA:41,0
DA:47,0
DA:48,0
DA:55,0
DA:57,0
DA:60,0
DA:63,0
DA:66,0
DA:67,0
DA:71,0
DA:72,0
DA:74,0
DA:78,0
DA:79,0
DA:86,0
DA:88,0
DA:91,0
DA:93,0
DA:95,0
DA:97,0
DA:98,0
DA:105,0
DA:107,0
DA:109,0
DA:129,0
DA:160,0
DA:161,0
DA:166,2
LF:39
LH:3
BRDA:71,0,0,0
BRDA:71,0,1,0
BRF:2
BRH:0
end_of_record
TN:
SF:controller\taks.js
FN:5,getDb
FN:14,(anonymous_1)
FN:55,(anonymous_2)
FN:75,(anonymous_3)
FN:161,(anonymous_4)
FN:197,(anonymous_5)
FN:252,(anonymous_6)
FNF:7
FNH:7
FNDA:5,getDb
FNDA:4,(anonymous_1)
FNDA:2,(anonymous_2)
FNDA:2,(anonymous_3)
FNDA:2,(anonymous_4)
FNDA:2,(anonymous_5)
FNDA:2,(anonymous_6)
DA:1,2
DA:2,2
DA:3,2
DA:4,2
DA:6,5
DA:15,4
DA:16,4
DA:18,4
DA:21,4
DA:22,4
DA:23,4
DA:24,1
DA:26,1
DA:27,0
DA:31,1
DA:32,0
DA:35,1
DA:44,1
DA:46,1
DA:50,3
DA:51,3
DA:56,2
DA:57,2
DA:62,2
DA:66,2
DA:68,1
DA:70,1
DA:71,1
DA:76,2
DA:77,2
DA:79,2
DA:83,2
DA:84,1
DA:86,1
DA:87,1
DA:162,2
DA:163,2
DA:164,2
DA:165,2
DA:166,2
DA:168,1
DA:169,1
DA:171,1
DA:172,1
DA:173,1
DA:175,1
DA:176,1
DA:177,1
DA:179,1
DA:188,1
DA:190,1
DA:191,1
DA:198,2
DA:199,2
DA:201,2
DA:202,2
DA:203,2
DA:204,2
DA:206,2
DA:216,2
DA:218,1
DA:220,1
DA:221,1
DA:253,2
DA:254,2
DA:255,2
DA:263,2
DA:265,1
DA:267,1
DA:269,1
DA:270,1
DA:275,2
LF:72
LH:70
BRDA:26,0,0,0
BRDA:26,0,1,1
BRDA:31,1,0,0
BRDA:31,1,1,1
BRDA:66,2,0,1
BRDA:66,2,1,1
BRDA:83,3,0,1
BRDA:83,3,1,1
BRDA:166,4,0,1
BRDA:166,4,1,1
BRDA:216,5,0,1
BRDA:216,5,1,1
BRDA:263,6,0,1
BRDA:263,6,1,1
BRF:14
BRH:12
end_of_record
TN:
SF:controller\user.js
FN:21,getDb
FN:53,(anonymous_1)
FN:77,(anonymous_2)
FNF:3
FNH:3
FNDA:2,getDb
FNDA:2,(anonymous_1)
FNDA:2,(anonymous_2)
DA:1,2
DA:2,2
DA:3,2
DA:4,2
DA:22,2
DA:54,2
DA:55,2
DA:56,2
DA:57,1
DA:60,1
DA:61,1
DA:66,1
DA:72,1
DA:73,1
DA:78,2
DA:79,2
DA:80,2
DA:81,0
DA:84,2
DA:85,2
DA:86,0
DA:89,2
DA:90,2
DA:91,1
DA:94,1
DA:99,1
DA:104,1
DA:105,1
DA:110,2
LF:29
LH:27
BRDA:56,0,0,1
BRDA:56,0,1,1
BRDA:56,1,0,2
BRDA:56,1,1,1
BRDA:56,1,2,1
BRDA:80,2,0,0
BRDA:80,2,1,2
BRDA:80,3,0,2
BRDA:80,3,1,2
BRDA:85,4,0,0
BRDA:85,4,1,2
BRDA:90,5,0,1
BRDA:90,5,1,1
BRF:13
BRH:11
end_of_record
TN:
SF:helpers\bcrypt.js
FN:3,(anonymous_0)
FN:4,(anonymous_1)
FNF:2
FNH:2
FNDA:3,(anonymous_0)
FNDA:2,(anonymous_1)
DA:1,2
DA:3,3
DA:4,2
DA:5,2
DA:7,2
LF:5
LH:5
BRF:0
BRH:0
end_of_record
TN:
SF:helpers\error-handler.js
FN:1,(anonymous_0)
FNF:1
FNH:1
FNDA:10,(anonymous_0)
DA:1,2
DA:2,10
DA:3,10
DA:4,10
DA:6,10
DA:8,3
DA:9,3
DA:10,3
DA:17,10
DA:19,2
DA:21,4
DA:26,4
DA:27,4
DA:29,10
DA:36,2
LF:15
LH:15
BRDA:3,0,0,10
BRDA:3,0,1,3
BRDA:4,1,0,10
BRDA:4,1,1,4
BRDA:6,2,0,3
BRDA:17,3,0,2
BRDA:17,3,1,4
BRDA:17,3,2,4
BRF:8
BRH:8
end_of_record
TN:
SF:helpers\jwt.js
FN:4,(anonymous_0)
FN:5,(anonymous_1)
FNF:2
FNH:2
FNDA:2,(anonymous_0)
FNDA:4,(anonymous_1)
DA:1,2
DA:2,2
DA:4,2
DA:5,4
DA:7,2
LF:5
LH:5
BRF:0
BRH:0
end_of_record
TN:
SF:models\Task.js
FN:22,(anonymous_0)
FN:32,(anonymous_1)
FNF:2
FNH:1
FNDA:1,(anonymous_0)
FNDA:0,(anonymous_1)
DA:1,2
DA:31,1
DA:32,1
DA:33,0
DA:38,1
DA:40,1
DA:65,2
LF:7
LH:6
BRDA:25,0,0,1
BRDA:26,1,0,1
BRDA:29,2,0,1
BRF:3
BRH:3
end_of_record
